<?xml version="1.0" encoding="UTF-8" ?>
<testsuite errors="0" failures="0" hostname="valen-K53SV" name="yaus.UrlShortenerServiceIntegrationSpec" tests="5" time="0.495" timestamp="2014-03-16T17:01:13">
  <properties />
  <testcase classname="yaus.UrlShortenerServiceIntegrationSpec" name="test can short a long url" time="0.428" />
  <testcase classname="yaus.UrlShortenerServiceIntegrationSpec" name="test can generate the complete short url" time="0.015" />
  <testcase classname="yaus.UrlShortenerServiceIntegrationSpec" name="test can short a previous shorted url" time="0.02" />
  <testcase classname="yaus.UrlShortenerServiceIntegrationSpec" name="test can short a previous shorted url with domain" time="0.013" />
  <testcase classname="yaus.UrlShortenerServiceIntegrationSpec" name="test can return the long url associated with a short url" time="0.017" />
  <system-out><![CDATA[--Output from test can short a long url--
--Output from test can generate the complete short url--
--Output from test can short a previous shorted url--
--Output from test can short a previous shorted url with domain--
--Output from test can return the long url associated with a short url--
]]></system-out>
  <system-err><![CDATA[--Output from test can short a long url--
--Output from test can generate the complete short url--
--Output from test can short a previous shorted url--
--Output from test can short a previous shorted url with domain--
--Output from test can return the long url associated with a short url--
]]></system-err>
</testsuite>
